<?xml version="1.0" encoding="UTF-8"?>
<testng-results skipped="3" failed="0" total="3" passed="0">
  <reporter-output>
  </reporter-output>
  <suite name="Sauce Demo Suite" duration-ms="606" started-at="2024-04-20T08:16:43Z" finished-at="2024-04-20T08:16:44Z">
    <groups>
    </groups>
    <test name="Sauce Demo Suite" duration-ms="606" started-at="2024-04-20T08:16:43Z" finished-at="2024-04-20T08:16:44Z">
      <class name="com.test.login.TestCases">
        <test-method status="FAIL" signature="launchApplication(org.testng.ITestResult)[pri:0, instance:com.test.login.TestCases@564718df]" name="launchApplication" is-config="true" duration-ms="0" started-at="2024-04-20T13:46:43Z" finished-at="2024-04-20T13:46:43Z">
          <params>
            <param index="0">
              <value>
                <![CDATA[[TestResult name=userLogin status=SKIP method=TestCases.userLogin()[pri:1, instance:com.test.login.TestCases@564718df] output={null}]]]>
              </value>
            </param>
          </params>
          <exception class="java.lang.UnsupportedClassVersionError">
            <message>
              <![CDATA[org/openqa/selenium/remote/http/jdk/JdkHttpClient$Factory has been compiled by a more recent version of the Java Runtime (class file version 55.0), this version of the Java Runtime only recognizes class file versions up to 52.0]]>
            </message>
            <full-stacktrace>
              <![CDATA[java.lang.UnsupportedClassVersionError: org/openqa/selenium/remote/http/jdk/JdkHttpClient$Factory has been compiled by a more recent version of the Java Runtime (class file version 55.0), this version of the Java Runtime only recognizes class file versions up to 52.0
	at java.lang.ClassLoader.defineClass1(Native Method)
	at java.lang.ClassLoader.defineClass(ClassLoader.java:763)
	at java.security.SecureClassLoader.defineClass(SecureClassLoader.java:142)
	at java.net.URLClassLoader.defineClass(URLClassLoader.java:468)
	at java.net.URLClassLoader.access$100(URLClassLoader.java:74)
	at java.net.URLClassLoader$1.run(URLClassLoader.java:369)
	at java.net.URLClassLoader$1.run(URLClassLoader.java:363)
	at java.security.AccessController.doPrivileged(Native Method)
	at java.net.URLClassLoader.findClass(URLClassLoader.java:362)
	at java.lang.ClassLoader.loadClass(ClassLoader.java:424)
	at sun.misc.Launcher$AppClassLoader.loadClass(Launcher.java:349)
	at java.lang.ClassLoader.loadClass(ClassLoader.java:357)
	at java.lang.Class.forName0(Native Method)
	at java.lang.Class.forName(Class.java:348)
	at java.util.ServiceLoader$LazyIterator.nextService(ServiceLoader.java:370)
	at java.util.ServiceLoader$LazyIterator.next(ServiceLoader.java:404)
	at java.util.ServiceLoader$1.next(ServiceLoader.java:480)
	at java.util.Spliterators$IteratorSpliterator.trySplit(Spliterators.java:1784)
	at java.util.stream.AbstractTask.compute(AbstractTask.java:297)
	at java.util.concurrent.CountedCompleter.exec(CountedCompleter.java:731)
	at java.util.concurrent.ForkJoinTask.doExec(ForkJoinTask.java:289)
	at java.util.concurrent.ForkJoinTask.doInvoke(ForkJoinTask.java:401)
	at java.util.concurrent.ForkJoinTask.invoke(ForkJoinTask.java:734)
	at java.util.stream.ReduceOps$ReduceOp.evaluateParallel(ReduceOps.java:714)
	at java.util.stream.AbstractPipeline.evaluate(AbstractPipeline.java:233)
	at java.util.stream.ReferencePipeline.collect(ReferencePipeline.java:499)
	at org.openqa.selenium.remote.http.HttpClient$Factory.create(HttpClient.java:55)
	at org.openqa.selenium.remote.http.HttpClient$Factory.createDefault(HttpClient.java:73)
	at org.openqa.selenium.remote.HttpCommandExecutor$DefaultClientFactoryHolder.<clinit>(HttpCommandExecutor.java:58)
	at org.openqa.selenium.remote.HttpCommandExecutor.getDefaultClientFactory(HttpCommandExecutor.java:62)
	at org.openqa.selenium.remote.HttpCommandExecutor.<init>(HttpCommandExecutor.java:87)
	at org.openqa.selenium.remote.service.DriverCommandExecutor.<init>(DriverCommandExecutor.java:80)
	at org.openqa.selenium.chromium.ChromiumDriverCommandExecutor.<init>(ChromiumDriverCommandExecutor.java:35)
	at org.openqa.selenium.chrome.ChromeDriver$ChromeDriverCommandExecutor.<init>(ChromeDriver.java:94)
	at org.openqa.selenium.chrome.ChromeDriver.<init>(ChromeDriver.java:82)
	at org.openqa.selenium.chrome.ChromeDriver.<init>(ChromeDriver.java:50)
	at com.saucedemo.helper.BrowserFactory.getWebDriverForBrowser(BrowserFactory.java:44)
	at com.saucedemo.helper.BrowserUtil.getBrowser(BrowserUtil.java:14)
	at com.saucedemo.util.HelpBase.launchApplication(HelpBase.java:21)
	at sun.reflect.NativeMethodAccessorImpl.invoke0(Native Method)
	at sun.reflect.NativeMethodAccessorImpl.invoke(NativeMethodAccessorImpl.java:62)
	at sun.reflect.DelegatingMethodAccessorImpl.invoke(DelegatingMethodAccessorImpl.java:43)
	at java.lang.reflect.Method.invoke(Method.java:498)
	at org.testng.internal.MethodInvocationHelper.invokeMethod(MethodInvocationHelper.java:86)
	at org.testng.internal.Invoker.invokeConfigurationMethod(Invoker.java:514)
	at org.testng.internal.Invoker.invokeConfigurations(Invoker.java:215)
	at org.testng.internal.Invoker.invokeMethod(Invoker.java:589)
	at org.testng.internal.Invoker.invokeTestMethod(Invoker.java:820)
	at org.testng.internal.Invoker.invokeTestMethods(Invoker.java:1128)
	at org.testng.internal.TestMethodWorker.invokeTestMethods(TestMethodWorker.java:129)
	at org.testng.internal.TestMethodWorker.run(TestMethodWorker.java:112)
	at java.util.concurrent.ThreadPoolExecutor.runWorker(ThreadPoolExecutor.java:1149)
	at java.util.concurrent.ThreadPoolExecutor$Worker.run(ThreadPoolExecutor.java:624)
	at java.lang.Thread.run(Thread.java:748)
]]>
            </full-stacktrace>
          </exception> <!-- java.lang.UnsupportedClassVersionError -->
          <reporter-output>
          </reporter-output>
        </test-method> <!-- launchApplication -->
        <test-method status="SKIP" signature="userLogin()[pri:1, instance:com.test.login.TestCases@564718df]" name="userLogin" duration-ms="2" started-at="2024-04-20T13:46:44Z" description="Verify user can login successfully" finished-at="2024-04-20T13:46:44Z">
          <reporter-output>
          </reporter-output>
        </test-method> <!-- userLogin -->
        <test-method status="SKIP" signature="quitBrowser(org.testng.ITestResult)[pri:0, instance:com.test.login.TestCases@564718df]" name="quitBrowser" is-config="true" duration-ms="0" started-at="2024-04-20T13:46:44Z" finished-at="2024-04-20T13:46:44Z">
          <reporter-output>
          </reporter-output>
        </test-method> <!-- quitBrowser -->
        <test-method status="SKIP" signature="launchApplication(org.testng.ITestResult)[pri:0, instance:com.test.login.TestCases@564718df]" name="launchApplication" is-config="true" duration-ms="0" started-at="2024-04-20T13:46:44Z" finished-at="2024-04-20T13:46:44Z">
          <reporter-output>
          </reporter-output>
        </test-method> <!-- launchApplication -->
        <test-method status="SKIP" signature="menuBar()[pri:2, instance:com.test.login.TestCases@564718df]" name="menuBar" duration-ms="0" started-at="2024-04-20T13:46:44Z" description="Verify all menu bar options" finished-at="2024-04-20T13:46:44Z">
          <reporter-output>
          </reporter-output>
        </test-method> <!-- menuBar -->
        <test-method status="SKIP" signature="addToCart()[pri:3, instance:com.test.login.TestCases@564718df]" name="addToCart" duration-ms="0" started-at="2024-04-20T13:46:44Z" description="Verify product is added successfully in cart and displaying in cart page" finished-at="2024-04-20T13:46:44Z">
          <reporter-output>
          </reporter-output>
        </test-method> <!-- addToCart -->
        <test-method status="SKIP" signature="launchApplication(org.testng.ITestResult)[pri:0, instance:com.test.login.TestCases@564718df]" name="launchApplication" is-config="true" duration-ms="0" started-at="2024-04-20T13:46:44Z" finished-at="2024-04-20T13:46:44Z">
          <reporter-output>
          </reporter-output>
        </test-method> <!-- launchApplication -->
        <test-method status="SKIP" signature="quitBrowser(org.testng.ITestResult)[pri:0, instance:com.test.login.TestCases@564718df]" name="quitBrowser" is-config="true" duration-ms="0" started-at="2024-04-20T13:46:44Z" finished-at="2024-04-20T13:46:44Z">
          <reporter-output>
          </reporter-output>
        </test-method> <!-- quitBrowser -->
        <test-method status="SKIP" signature="quitBrowser(org.testng.ITestResult)[pri:0, instance:com.test.login.TestCases@564718df]" name="quitBrowser" is-config="true" duration-ms="0" started-at="2024-04-20T13:46:44Z" finished-at="2024-04-20T13:46:44Z">
          <reporter-output>
          </reporter-output>
        </test-method> <!-- quitBrowser -->
      </class> <!-- com.test.login.TestCases -->
    </test> <!-- Sauce Demo Suite -->
  </suite> <!-- Sauce Demo Suite -->
</testng-results>
